<?xml version="1.0" encoding="UTF-8"?>
<testng-results skipped="0" failed="0" ignored="0" total="1" passed="1">
  <reporter-output>
  </reporter-output>
  <suite name="Default suite" duration-ms="263" started-at="2020-07-06T06:16:03Z" finished-at="2020-07-06T06:16:03Z">
    <groups>
    </groups>
    <test name="Default test" duration-ms="263" started-at="2020-07-06T06:16:03Z" finished-at="2020-07-06T06:16:03Z">
      <class name="BrowserCommands.App">
        <test-method status="PASS" signature="App()[pri:0, instance:BrowserCommands.App@2a2d45ba]" name="App" duration-ms="39" started-at="2020-07-06T06:16:03Z" finished-at="2020-07-06T06:16:03Z">
          <reporter-output>
          </reporter-output>
        </test-method> <!-- App -->
      </class> <!-- BrowserCommands.App -->
    </test> <!-- Default test -->
  </suite> <!-- Default suite -->
</testng-results>
